# JRE version: OpenJDK Runtime Environment Temurin-21.0.8+9 (21.0.8+9) (build 21.0.8+9-LTS)
# Java VM: OpenJDK 64-Bit Server VM Temurin-21.0.8+9 (21.0.8+9-LTS, mixed mode, sharing, tiered, compressed oops, compressed class ptrs, parallel gc, windows-amd64)
GC Precious Log:
 CardTable entry size: 512
 CPUs: 4 total, 4 available
 Memory: 3798M
 Large Page Support: Disabled
 NUMA Support: Disabled
 Compressed Oops: Enabled (32-bit)
 Alignments: Space 512K, Generation 512K, Heap 2M
 Heap Min Capacity: 100M
 Heap Initial Capacity: 100M
 Heap Max Capacity: 2G
 Pre-touch: Disabled
 Parallel Workers: 4
Heap:
 PSYoungGen      total 3072K, used 1113K [0x00000000d5580000, 0x00000000d5980000, 0x0000000100000000)
  eden space 2560K, 38% used [0x00000000d5580000,0x00000000d5676748,0x00000000d5800000)
  from space 512K, 25% used [0x00000000d5800000,0x00000000d5820000,0x00000000d5880000)
  to   space 512K, 0% used [0x00000000d5900000,0x00000000d5900000,0x00000000d5980000)
 ParOldGen       total 951296K, used 153734K [0x0000000080000000, 0x00000000ba100000, 0x00000000d5580000)
  object space 951296K, 16% used [0x0000000080000000,0x00000000896218c0,0x00000000ba100000)
 Metaspace       used 78048K, committed 79616K, reserved 1179648K
  class space    used 7937K, committed 8704K, reserved 1048576K
GC Heap History (20 events):
Event: 45821.203 GC heap before
{Heap before GC invocations=1260 (full 4):
 PSYoungGen      total 2560K, used 2464K [0x00000000d5580000, 0x00000000d5900000, 0x0000000100000000)
  eden space 2048K, 100% used [0x00000000d5580000,0x00000000d5780000,0x00000000d5780000)
  from space 512K, 81% used [0x00000000d5780000,0x00000000d57e8000,0x00000000d5800000)
  to   space 512K, 0% used [0x00000000d5880000,0x00000000d5880000,0x00000000d5900000)
 ParOldGen       total 951296K, used 151285K [0x0000000080000000, 0x00000000ba100000, 0x00000000d5580000)
  object space 951296K, 15% used [0x0000000080000000,0x00000000893bd430,0x00000000ba100000)
 Metaspace       used 77900K, committed 79488K, reserved 1179648K
  class space    used 7935K, committed 8704K, reserved 1048576K
}
Event: 45821.206 GC heap after
{Heap after GC invocations=1260 (full 4):
 PSYoungGen      total 3072K, used 224K [0x00000000d5580000, 0x00000000d5900000, 0x0000000100000000)
  eden space 2560K, 0% used [0x00000000d5580000,0x00000000d5580000,0x00000000d5800000)
  from space 512K, 43% used [0x00000000d5880000,0x00000000d58b8000,0x00000000d5900000)
  to   space 512K, 0% used [0x00000000d5800000,0x00000000d5800000,0x00000000d5880000)
 ParOldGen       total 951296K, used 151645K [0x0000000080000000, 0x00000000ba100000, 0x00000000d5580000)
  object space 951296K, 15% used [0x0000000080000000,0x0000000089417430,0x00000000ba100000)
 Metaspace       used 77900K, committed 79488K, reserved 1179648K
  class space    used 7935K, committed 8704K, reserved 1048576K
}
Event: 45821.278 GC heap before
{Heap before GC invocations=1261 (full 4):
 PSYoungGen      total 3072K, used 2784K [0x00000000d5580000, 0x00000000d5900000, 0x0000000100000000)
  eden space 2560K, 100% used [0x00000000d5580000,0x00000000d5800000,0x00000000d5800000)
  from space 512K, 43% used [0x00000000d5880000,0x00000000d58b8000,0x00000000d5900000)
  to   space 512K, 0% used [0x00000000d5800000,0x00000000d5800000,0x00000000d5880000)
 ParOldGen       total 951296K, used 151645K [0x0000000080000000, 0x00000000ba100000, 0x00000000d5580000)
  object space 951296K, 15% used [0x0000000080000000,0x0000000089417430,0x00000000ba100000)
 Metaspace       used 77938K, committed 79488K, reserved 1179648K
  class space    used 7935K, committed 8704K, reserved 1048576K
}
Event: 45821.280 GC heap after
{Heap after GC invocations=1261 (full 4):
 PSYoungGen      total 3072K, used 372K [0x00000000d5580000, 0x00000000d5900000, 0x0000000100000000)
  eden space 2560K, 0% used [0x00000000d5580000,0x00000000d5580000,0x00000000d5800000)
  from space 512K, 72% used [0x00000000d5800000,0x00000000d585d200,0x00000000d5880000)
  to   space 512K, 0% used [0x00000000d5880000,0x00000000d5880000,0x00000000d5900000)
 ParOldGen       total 951296K, used 151789K [0x0000000080000000, 0x00000000ba100000, 0x00000000d5580000)
  object space 951296K, 15% used [0x0000000080000000,0x000000008943b450,0x00000000ba100000)
 Metaspace       used 77938K, committed 79488K, reserved 1179648K
  class space    used 7935K, committed 8704K, reserved 1048576K
}
Event: 45824.083 GC heap before
{Heap before GC invocations=1262 (full 4):
 PSYoungGen      total 3072K, used 2932K [0x00000000d5580000, 0x00000000d5900000, 0x0000000100000000)
  eden space 2560K, 100% used [0x00000000d5580000,0x00000000d5800000,0x00000000d5800000)
  from space 512K, 72% used [0x00000000d5800000,0x00000000d585d200,0x00000000d5880000)
  to   space 512K, 0% used [0x00000000d5880000,0x00000000d5880000,0x00000000d5900000)
 ParOldGen       total 951296K, used 151789K [0x0000000080000000, 0x00000000ba100000, 0x00000000d5580000)
  object space 951296K, 15% used [0x0000000080000000,0x000000008943b450,0x00000000ba100000)
 Metaspace       used 77954K, committed 79488K, reserved 1179648K
  class space    used 7935K, committed 8704K, reserved 1048576K
}
Event: 45824.086 GC heap after
{Heap after GC invocations=1262 (full 4):
 PSYoungGen      total 3072K, used 96K [0x00000000d5580000, 0x00000000d5900000, 0x0000000100000000)
  eden space 2560K, 0% used [0x00000000d5580000,0x00000000d5580000,0x00000000d5800000)
  from space 512K, 18% used [0x00000000d5880000,0x00000000d5898000,0x00000000d5900000)
  to   space 512K, 0% used [0x00000000d5800000,0x00000000d5800000,0x00000000d5880000)
 ParOldGen       total 951296K, used 152053K [0x0000000080000000, 0x00000000ba100000, 0x00000000d5580000)
  object space 951296K, 15% used [0x0000000080000000,0x000000008947d450,0x00000000ba100000)
 Metaspace       used 77954K, committed 79488K, reserved 1179648K
  class space    used 7935K, committed 8704K, reserved 1048576K
}
Event: 45824.114 GC heap before
{Heap before GC invocations=1263 (full 4):
 PSYoungGen      total 3072K, used 2656K [0x00000000d5580000, 0x00000000d5900000, 0x0000000100000000)
  eden space 2560K, 100% used [0x00000000d5580000,0x00000000d5800000,0x00000000d5800000)
  from space 512K, 18% used [0x00000000d5880000,0x00000000d5898000,0x00000000d5900000)
  to   space 512K, 0% used [0x00000000d5800000,0x00000000d5800000,0x00000000d5880000)
 ParOldGen       total 951296K, used 152053K [0x0000000080000000, 0x00000000ba100000, 0x00000000d5580000)
  object space 951296K, 15% used [0x0000000080000000,0x000000008947d450,0x00000000ba100000)
 Metaspace       used 77967K, committed 79552K, reserved 1179648K
  class space    used 7936K, committed 8704K, reserved 1048576K
}
Event: 45824.115 GC heap after
{Heap after GC invocations=1263 (full 4):
 PSYoungGen      total 3072K, used 484K [0x00000000d5580000, 0x00000000d5a00000, 0x0000000100000000)
  eden space 2560K, 0% used [0x00000000d5580000,0x00000000d5580000,0x00000000d5800000)
  from space 512K, 94% used [0x00000000d5800000,0x00000000d5879210,0x00000000d5880000)
  to   space 1024K, 0% used [0x00000000d5900000,0x00000000d5900000,0x00000000d5a00000)
 ParOldGen       total 951296K, used 152093K [0x0000000080000000, 0x00000000ba100000, 0x00000000d5580000)
  object space 951296K, 15% used [0x0000000080000000,0x0000000089487460,0x00000000ba100000)
 Metaspace       used 77967K, committed 79552K, reserved 1179648K
  class space    used 7936K, committed 8704K, reserved 1048576K
}
Event: 45824.160 GC heap before
{Heap before GC invocations=1264 (full 4):
 PSYoungGen      total 3072K, used 3044K [0x00000000d5580000, 0x00000000d5a00000, 0x0000000100000000)
  eden space 2560K, 100% used [0x00000000d5580000,0x00000000d5800000,0x00000000d5800000)
  from space 512K, 94% used [0x00000000d5800000,0x00000000d5879210,0x00000000d5880000)
  to   space 1024K, 0% used [0x00000000d5900000,0x00000000d5900000,0x00000000d5a00000)
 ParOldGen       total 951296K, used 152093K [0x0000000080000000, 0x00000000ba100000, 0x00000000d5580000)
  object space 951296K, 15% used [0x0000000080000000,0x0000000089487460,0x00000000ba100000)
 Metaspace       used 77993K, committed 79552K, reserved 1179648K
  class space    used 7937K, committed 8704K, reserved 1048576K
}
Event: 45824.163 GC heap after
{Heap after GC invocations=1264 (full 4):
 PSYoungGen      total 3072K, used 288K [0x00000000d5580000, 0x00000000d5980000, 0x0000000100000000)
  eden space 2560K, 0% used [0x00000000d5580000,0x00000000d5580000,0x00000000d5800000)
  from space 512K, 56% used [0x00000000d5900000,0x00000000d5948000,0x00000000d5980000)
  to   space 512K, 0% used [0x00000000d5800000,0x00000000d5800000,0x00000000d5880000)
 ParOldGen       total 951296K, used 152505K [0x0000000080000000, 0x00000000ba100000, 0x00000000d5580000)
  object space 951296K, 16% used [0x0000000080000000,0x00000000894ee670,0x00000000ba100000)
 Metaspace       used 77993K, committed 79552K, reserved 1179648K
  class space    used 7937K, committed 8704K, reserved 1048576K
}
Event: 45824.181 GC heap before
{Heap before GC invocations=1265 (full 4):
 PSYoungGen      total 3072K, used 2848K [0x00000000d5580000, 0x00000000d5980000, 0x0000000100000000)
  eden space 2560K, 100% used [0x00000000d5580000,0x00000000d5800000,0x00000000d5800000)
  from space 512K, 56% used [0x00000000d5900000,0x00000000d5948000,0x00000000d5980000)
  to   space 512K, 0% used [0x00000000d5800000,0x00000000d5800000,0x00000000d5880000)
 ParOldGen       total 951296K, used 152505K [0x0000000080000000, 0x00000000ba100000, 0x00000000d5580000)
  object space 951296K, 16% used [0x0000000080000000,0x00000000894ee670,0x00000000ba100000)
 Metaspace       used 77999K, committed 79552K, reserved 1179648K
  class space    used 7937K, committed 8704K, reserved 1048576K
}
Event: 45824.183 GC heap after
{Heap after GC invocations=1265 (full 4):
 PSYoungGen      total 3072K, used 340K [0x00000000d5580000, 0x00000000d5980000, 0x0000000100000000)
  eden space 2560K, 0% used [0x00000000d5580000,0x00000000d5580000,0x00000000d5800000)
  from space 512K, 66% used [0x00000000d5800000,0x00000000d5855200,0x00000000d5880000)
  to   space 512K, 0% used [0x00000000d5900000,0x00000000d5900000,0x00000000d5980000)
 ParOldGen       total 951296K, used 152745K [0x0000000080000000, 0x00000000ba100000, 0x00000000d5580000)
  object space 951296K, 16% used [0x0000000080000000,0x000000008952a690,0x00000000ba100000)
 Metaspace       used 77999K, committed 79552K, reserved 1179648K
  class space    used 7937K, committed 8704K, reserved 1048576K
}
Event: 45824.208 GC heap before
{Heap before GC invocations=1266 (full 4):
 PSYoungGen      total 3072K, used 2900K [0x00000000d5580000, 0x00000000d5980000, 0x0000000100000000)
  eden space 2560K, 100% used [0x00000000d5580000,0x00000000d5800000,0x00000000d5800000)
  from space 512K, 66% used [0x00000000d5800000,0x00000000d5855200,0x00000000d5880000)
  to   space 512K, 0% used [0x00000000d5900000,0x00000000d5900000,0x00000000d5980000)
 ParOldGen       total 951296K, used 152745K [0x0000000080000000, 0x00000000ba100000, 0x00000000d5580000)
  object space 951296K, 16% used [0x0000000080000000,0x000000008952a690,0x00000000ba100000)
 Metaspace       used 78004K, committed 79552K, reserved 1179648K
  class space    used 7937K, committed 8704K, reserved 1048576K
}
Event: 45824.210 GC heap after
{Heap after GC invocations=1266 (full 4):
 PSYoungGen      total 3072K, used 448K [0x00000000d5580000, 0x00000000d5980000, 0x0000000100000000)
  eden space 2560K, 0% used [0x00000000d5580000,0x00000000d5580000,0x00000000d5800000)
  from space 512K, 87% used [0x00000000d5900000,0x00000000d5970000,0x00000000d5980000)
  to   space 512K, 0% used [0x00000000d5800000,0x00000000d5800000,0x00000000d5880000)
 ParOldGen       total 951296K, used 153006K [0x0000000080000000, 0x00000000ba100000, 0x00000000d5580000)
  object space 951296K, 16% used [0x0000000080000000,0x000000008956b890,0x00000000ba100000)
 Metaspace       used 78004K, committed 79552K, reserved 1179648K
  class space    used 7937K, committed 8704K, reserved 1048576K
}
Event: 45824.249 GC heap before
{Heap before GC invocations=1267 (full 4):
 PSYoungGen      total 3072K, used 3008K [0x00000000d5580000, 0x00000000d5980000, 0x0000000100000000)
  eden space 2560K, 100% used [0x00000000d5580000,0x00000000d5800000,0x00000000d5800000)
  from space 512K, 87% used [0x00000000d5900000,0x00000000d5970000,0x00000000d5980000)
  to   space 512K, 0% used [0x00000000d5800000,0x00000000d5800000,0x00000000d5880000)
 ParOldGen       total 951296K, used 153006K [0x0000000080000000, 0x00000000ba100000, 0x00000000d5580000)
  object space 951296K, 16% used [0x0000000080000000,0x000000008956b890,0x00000000ba100000)
 Metaspace       used 78006K, committed 79552K, reserved 1179648K
  class space    used 7937K, committed 8704K, reserved 1048576K
}
Event: 45824.252 GC heap after
{Heap after GC invocations=1267 (full 4):
 PSYoungGen      total 3072K, used 256K [0x00000000d5580000, 0x00000000d5980000, 0x0000000100000000)
  eden space 2560K, 0% used [0x00000000d5580000,0x00000000d5580000,0x00000000d5800000)
  from space 512K, 50% used [0x00000000d5800000,0x00000000d5840000,0x00000000d5880000)
  to   space 512K, 0% used [0x00000000d5900000,0x00000000d5900000,0x00000000d5980000)
 ParOldGen       total 951296K, used 153422K [0x0000000080000000, 0x00000000ba100000, 0x00000000d5580000)
  object space 951296K, 16% used [0x0000000080000000,0x00000000895d38a0,0x00000000ba100000)
 Metaspace       used 78006K, committed 79552K, reserved 1179648K
  class space    used 7937K, committed 8704K, reserved 1048576K
}
Event: 80586.967 GC heap before
{Heap before GC invocations=1268 (full 4):
 PSYoungGen      total 3072K, used 2816K [0x00000000d5580000, 0x00000000d5980000, 0x0000000100000000)
  eden space 2560K, 100% used [0x00000000d5580000,0x00000000d5800000,0x00000000d5800000)
  from space 512K, 50% used [0x00000000d5800000,0x00000000d5840000,0x00000000d5880000)
  to   space 512K, 0% used [0x00000000d5900000,0x00000000d5900000,0x00000000d5980000)
 ParOldGen       total 951296K, used 153422K [0x0000000080000000, 0x00000000ba100000, 0x00000000d5580000)
  object space 951296K, 16% used [0x0000000080000000,0x00000000895d38a0,0x00000000ba100000)
 Metaspace       used 78041K, committed 79616K, reserved 1179648K
  class space    used 7937K, committed 8704K, reserved 1048576K
}
Event: 80587.255 GC heap after
{Heap after GC invocations=1268 (full 4):
 PSYoungGen      total 3072K, used 192K [0x00000000d5580000, 0x00000000d5980000, 0x0000000100000000)
  eden space 2560K, 0% used [0x00000000d5580000,0x00000000d5580000,0x00000000d5800000)
  from space 512K, 37% used [0x00000000d5900000,0x00000000d5930000,0x00000000d5980000)
  to   space 512K, 0% used [0x00000000d5800000,0x00000000d5800000,0x00000000d5880000)
 ParOldGen       total 951296K, used 153606K [0x0000000080000000, 0x00000000ba100000, 0x00000000d5580000)
  object space 951296K, 16% used [0x0000000080000000,0x00000000896018c0,0x00000000ba100000)
 Metaspace       used 78041K, committed 79616K, reserved 1179648K
  class space    used 7937K, committed 8704K, reserved 1048576K
}
Event: 81771.565 GC heap before
{Heap before GC invocations=1269 (full 4):
 PSYoungGen      total 3072K, used 2752K [0x00000000d5580000, 0x00000000d5980000, 0x0000000100000000)
  eden space 2560K, 100% used [0x00000000d5580000,0x00000000d5800000,0x00000000d5800000)
  from space 512K, 37% used [0x00000000d5900000,0x00000000d5930000,0x00000000d5980000)
  to   space 512K, 0% used [0x00000000d5800000,0x00000000d5800000,0x00000000d5880000)
 ParOldGen       total 951296K, used 153606K [0x0000000080000000, 0x00000000ba100000, 0x00000000d5580000)
  object space 951296K, 16% used [0x0000000080000000,0x00000000896018c0,0x00000000ba100000)
 Metaspace       used 78041K, committed 79616K, reserved 1179648K
  class space    used 7937K, committed 8704K, reserved 1048576K
}
Event: 81771.713 GC heap after
{Heap after GC invocations=1269 (full 4):
 PSYoungGen      total 3072K, used 128K [0x00000000d5580000, 0x00000000d5980000, 0x0000000100000000)
  eden space 2560K, 0% used [0x00000000d5580000,0x00000000d5580000,0x00000000d5800000)
  from space 512K, 25% used [0x00000000d5800000,0x00000000d5820000,0x00000000d5880000)
  to   space 512K, 0% used [0x00000000d5900000,0x00000000d5900000,0x00000000d5980000)
 ParOldGen       total 951296K, used 153734K [0x0000000080000000, 0x00000000ba100000, 0x00000000d5580000)
  object space 951296K, 16% used [0x0000000080000000,0x00000000896218c0,0x00000000ba100000)
 Metaspace       used 78041K, committed 79616K, reserved 1179648K
  class space    used 7937K, committed 8704K, reserved 1048576K
}

